##########
#Time: 20-07-03 Fri
#Version update: alpha-V0.0 --> alpha-V0.1
#新增参数
##1. '-gid'  支持选择gpu设备，如'0,1,2'，这意味着编号为'0,1,2'的这三个gpu核心可以被程序调用，gpu核心编号可通过'nvidia-smi'命令查询。
##2. '-s'    支持特征选择，该参数设为1时，默认的模型文件同时需要换成model_sf.json，即用特征选择过的样本所训练出的模型。
##3. '-N'    支持输出选择，使用此参数后，会输出分数大于阈值的前N个类别。默认是0，即输出所有分数大于阈值的类别。
#其他优化
##无
##########
#
#
#
##########
##Time: 20-08-05 Wed
##Version update: alpha-V0.1 --> alpha-V0.2
##新增参数
###1. '-of'   支持输出格式选择，可以在最简格式(只输出各层中概率大于阈值的biome ID)、简洁格式(相比最简格式补充了biome probability)、全面格式(输出各层所有的biome ID以及对应的probability，包括各层的unknown占比)，注：在最简格式和简介格式中，unknown不会出现，如果某层输出结果为空，则表明该层的所有biome的概率值低于阈值。
##移除参数
###1. '-N'    支持输出选择，使用此参数后，会输出分数大于阈值的前N个类别。默认是0，即输出所有分数大于阈值的类别。
##其他优化
###1. 各层概率做了scale(大于1时，该层各个概率除该层以总概率，小于1时，不足的赋值给该层unknown)
###2. 优化warnings提示，numpy版本降低至1.16，tensorflow维持1.14不变，推荐conda安装：conda create -n envname tensorflow-gpu=1.14 numpy=1.16
###########
